2019-06-13T12:33:54.382Z - normal: Load ~/.CocosCreator/settings.json
2019-06-13T12:33:55.594Z - normal: Initializing Asset Database
2019-06-13T12:33:55.610Z - normal: checking language setting...
2019-06-13T12:33:55.611Z - normal: Language: zh
2019-06-13T12:33:57.247Z - success: preview server running at http://localhost:7456
2019-06-13T12:33:57.250Z - success: protocol editor-framework registered
2019-06-13T12:33:57.250Z - success: protocol app registered
2019-06-13T12:33:57.250Z - success: protocol theme registered
2019-06-13T12:33:57.250Z - success: protocol packages registered
2019-06-13T12:33:57.250Z - success: protocol uuid registerred
2019-06-13T12:33:57.250Z - success: protocol db registerred
2019-06-13T12:33:57.250Z - success: protocol thumbnail registerred
2019-06-13T12:33:57.251Z - success: protocol unpack registerred
2019-06-13T12:33:57.251Z - success: protocol disable-commonjs registerred
2019-06-13T12:33:57.414Z - normal: connected!
2019-06-13T12:33:57.416Z - normal: Check project E:\TianXiang\CocosProject\start_ts_project2
2019-06-13T12:33:57.418Z - normal: Initializing project E:\TianXiang\CocosProject\start_ts_project2
2019-06-13T12:33:57.967Z - normal: Initializing Cocos2d
2019-06-13T12:33:59.382Z - normal: Initializing engine extends
2019-06-13T12:33:59.602Z - success: asset-db-debugger loaded
2019-06-13T12:33:59.609Z - success: baidu-adapter loaded
2019-06-13T12:33:59.611Z - success: color-picker loaded
2019-06-13T12:33:59.772Z - success: fb-audience-network loaded
2019-06-13T12:33:59.865Z - success: fb-live-stream loaded
2019-06-13T12:33:59.871Z - success: google-play-instant loaded
2019-06-13T12:33:59.897Z - success: huawei-runtime loaded
2019-06-13T12:34:00.440Z - success: cpk-publish loaded
2019-06-13T12:34:00.441Z - success: jsb-adapter loaded
2019-06-13T12:34:00.470Z - success: oppo-runtime loaded
2019-06-13T12:34:00.496Z - success: package-manager loaded
2019-06-13T12:34:00.807Z - success: qqplay-adapter loaded
2019-06-13T12:34:00.809Z - success: runtime-dev-tools loaded
2019-06-13T12:34:00.819Z - success: sdkbox loaded
2019-06-13T12:34:00.823Z - success: tester loaded
2019-06-13T12:34:00.826Z - success: ui-grid loaded
2019-06-13T12:34:00.832Z - success: ui-kit-preview-extra loaded
2019-06-13T12:34:00.841Z - success: ui-kit-preview loaded
2019-06-13T12:34:00.842Z - success: ui-kit loaded
2019-06-13T12:34:00.844Z - success: ui-tree loaded
2019-06-13T12:34:00.865Z - success: vivo-runtime loaded
2019-06-13T12:34:00.866Z - success: weapp-adapter loaded
2019-06-13T12:34:00.867Z - success: xiaomi-adapter loaded
2019-06-13T12:34:00.921Z - success: assets loaded
2019-06-13T12:34:00.923Z - success: builder loaded
2019-06-13T12:34:01.345Z - success: cocos-services loaded
2019-06-13T12:34:01.350Z - success: console loaded
2019-06-13T12:34:01.391Z - success: fb-instant-games loaded
2019-06-13T12:34:01.392Z - success: google-instant-games loaded
2019-06-13T12:34:01.396Z - success: hierarchy loaded
2019-06-13T12:34:01.399Z - success: inspector loaded
2019-06-13T12:34:01.401Z - success: keystore loaded
2019-06-13T12:34:01.408Z - success: node-library loaded
2019-06-13T12:34:01.410Z - success: package-asset loaded
2019-06-13T12:34:01.411Z - success: preferences loaded
2019-06-13T12:34:01.412Z - success: project-exporter loaded
2019-06-13T12:34:01.414Z - success: project-importer loaded
2019-06-13T12:34:01.416Z - success: project-settings loaded
2019-06-13T12:34:01.420Z - success: scene loaded
2019-06-13T12:34:01.421Z - success: simulator-debugger loaded
2019-06-13T12:34:01.422Z - success: sprite-editor loaded
2019-06-13T12:34:01.425Z - success: store loaded
2019-06-13T12:34:01.432Z - success: timeline loaded
2019-06-13T12:34:01.439Z - success: xiaomi-runtime loaded
2019-06-13T12:34:02.663Z - normal: Loading packages
2019-06-13T12:34:02.668Z - normal: Watching packages
2019-06-13T12:34:03.191Z - info: Cocos Services load base data!
2019-06-13T12:34:03.195Z - normal: Run Application
2019-06-13T12:42:14.895Z - success: TypeScript Configuration file has been copied to E:\TianXiang\CocosProject\start_ts_project2\tsconfig.json
2019-06-13T12:42:22.563Z - success: API data generated and copied to E:\TianXiang\CocosProject\start_ts_project2\creator.d.ts
2019-06-13T12:42:26.521Z - success: VS Code extension installed to C:\Users\Administrator\.vscode\extensions
2019-06-13T12:42:29.687Z - success: Chrome debug setting has been updated to .vscode/launch.json, please install Debugger for Chrome VS Code extension to debug your project.
2019-06-13T12:42:40.387Z - success: Compiling task has been added to .vscode/tasks.json, please run "compile" task in VS Code to trigger compile in Cocos Creator.
2019-06-14T08:07:09.896Z - warn: Please change the definition of property 'scoreAudio' in class 'Game'. Starting from v1.10,
properties in CCClass can not be abbreviated if they are of type RawAsset.
Please use the complete form.
For example, if the type is Texture2D, the previous definition is:
    scoreAudio: cc.Texture2D,
If you use JS, it should be changed to:
    scoreAudio: {
      type: cc.Texture2D // use 'type:' to define Texture2D object directly
      default: null,     // object's default value is null
    },
If you use TS, it should be changed to:
    %s: {
      type: cc.Texture2D // use 'type:' to define Texture2D object directly
    }
    %s: cc.Texture2D = null;
(This helps us to successfully refactor all RawAssets at v2.0, sorry for the inconvenience. 😰 )
2019-06-14T08:20:06.425Z - warn: Please change the definition of property 'scoreAudio' in class 'Game'. Starting from v1.10,
properties in CCClass can not be abbreviated if they are of type RawAsset.
Please use the complete form.
For example, if the type is Texture2D, the previous definition is:
    scoreAudio: cc.Texture2D,
If you use JS, it should be changed to:
    scoreAudio: {
      type: cc.Texture2D // use 'type:' to define Texture2D object directly
      default: null,     // object's default value is null
    },
If you use TS, it should be changed to:
    %s: {
      type: cc.Texture2D // use 'type:' to define Texture2D object directly
    }
    %s: cc.Texture2D = null;
(This helps us to successfully refactor all RawAssets at v2.0, sorry for the inconvenience. 😰 )
2019-06-14T09:19:40.597Z - warn: Please change the definition of property 'scoreAudio' in class 'Game'. Starting from v1.10,
properties in CCClass can not be abbreviated if they are of type RawAsset.
Please use the complete form.
For example, if the type is Texture2D, the previous definition is:
    scoreAudio: cc.Texture2D,
If you use JS, it should be changed to:
    scoreAudio: {
      type: cc.Texture2D // use 'type:' to define Texture2D object directly
      default: null,     // object's default value is null
    },
If you use TS, it should be changed to:
    %s: {
      type: cc.Texture2D // use 'type:' to define Texture2D object directly
    }
    %s: cc.Texture2D = null;
(This helps us to successfully refactor all RawAssets at v2.0, sorry for the inconvenience. 😰 )
2019-06-14T09:29:26.955Z - warn: Please change the definition of property 'scoreAudio' in class 'Game'. Starting from v1.10,
properties in CCClass can not be abbreviated if they are of type RawAsset.
Please use the complete form.
For example, if the type is Texture2D, the previous definition is:
    scoreAudio: cc.Texture2D,
If you use JS, it should be changed to:
    scoreAudio: {
      type: cc.Texture2D // use 'type:' to define Texture2D object directly
      default: null,     // object's default value is null
    },
If you use TS, it should be changed to:
    %s: {
      type: cc.Texture2D // use 'type:' to define Texture2D object directly
    }
    %s: cc.Texture2D = null;
(This helps us to successfully refactor all RawAssets at v2.0, sorry for the inconvenience. 😰 )
2019-06-14T09:44:39.352Z - error: TypeError: Cannot read property 'type' of null
    at Editor.assetdb.queryInfoByUuid (D:\CocosCreator_2.0.10\resources\app.asar\editor\builtin\assets\panel\component\node.js:1:5296)
    at EventEmitter.o.on.n (D:\CocosCreator_2.0.10\resources\app.asar\editor-framework\lib\renderer\ipc.js:1:3757)
    at emitMany (events.js:127:13)
    at EventEmitter.emit (events.js:204:7)
2019-06-14T09:44:40.222Z - warn: Please change the definition of property 'scoreAudio' in class 'Game'. Starting from v1.10,
properties in CCClass can not be abbreviated if they are of type RawAsset.
Please use the complete form.
For example, if the type is Texture2D, the previous definition is:
    scoreAudio: cc.Texture2D,
If you use JS, it should be changed to:
    scoreAudio: {
      type: cc.Texture2D // use 'type:' to define Texture2D object directly
      default: null,     // object's default value is null
    },
If you use TS, it should be changed to:
    %s: {
      type: cc.Texture2D // use 'type:' to define Texture2D object directly
    }
    %s: cc.Texture2D = null;
(This helps us to successfully refactor all RawAssets at v2.0, sorry for the inconvenience. 😰 )
2019-06-14T09:51:47.225Z - warn: Please change the definition of property 'scoreAudio' in class 'Game'. Starting from v1.10,
properties in CCClass can not be abbreviated if they are of type RawAsset.
Please use the complete form.
For example, if the type is Texture2D, the previous definition is:
    scoreAudio: cc.Texture2D,
If you use JS, it should be changed to:
    scoreAudio: {
      type: cc.Texture2D // use 'type:' to define Texture2D object directly
      default: null,     // object's default value is null
    },
If you use TS, it should be changed to:
    %s: {
      type: cc.Texture2D // use 'type:' to define Texture2D object directly
    }
    %s: cc.Texture2D = null;
(This helps us to successfully refactor all RawAssets at v2.0, sorry for the inconvenience. 😰 )
2019-06-15T01:44:11.100Z - warn: Please change the definition of property 'scoreAudio' in class 'Game'. Starting from v1.10,
properties in CCClass can not be abbreviated if they are of type RawAsset.
Please use the complete form.
For example, if the type is Texture2D, the previous definition is:
    scoreAudio: cc.Texture2D,
If you use JS, it should be changed to:
    scoreAudio: {
      type: cc.Texture2D // use 'type:' to define Texture2D object directly
      default: null,     // object's default value is null
    },
If you use TS, it should be changed to:
    %s: {
      type: cc.Texture2D // use 'type:' to define Texture2D object directly
    }
    %s: cc.Texture2D = null;
(This helps us to successfully refactor all RawAssets at v2.0, sorry for the inconvenience. 😰 )
2019-06-15T01:44:11.105Z - warn: Please change the definition of property 'jumpAudio' in class 'Player'. Starting from v1.10,
properties in CCClass can not be abbreviated if they are of type RawAsset.
Please use the complete form.
For example, if the type is Texture2D, the previous definition is:
    jumpAudio: cc.Texture2D,
If you use JS, it should be changed to:
    jumpAudio: {
      type: cc.Texture2D // use 'type:' to define Texture2D object directly
      default: null,     // object's default value is null
    },
If you use TS, it should be changed to:
    %s: {
      type: cc.Texture2D // use 'type:' to define Texture2D object directly
    }
    %s: cc.Texture2D = null;
(This helps us to successfully refactor all RawAssets at v2.0, sorry for the inconvenience. 😰 )
2019-06-15T01:58:40.094Z - warn: Please change the definition of property 'scoreAudio' in class 'Game'. Starting from v1.10,
properties in CCClass can not be abbreviated if they are of type RawAsset.
Please use the complete form.
For example, if the type is Texture2D, the previous definition is:
    scoreAudio: cc.Texture2D,
If you use JS, it should be changed to:
    scoreAudio: {
      type: cc.Texture2D // use 'type:' to define Texture2D object directly
      default: null,     // object's default value is null
    },
If you use TS, it should be changed to:
    %s: {
      type: cc.Texture2D // use 'type:' to define Texture2D object directly
    }
    %s: cc.Texture2D = null;
(This helps us to successfully refactor all RawAssets at v2.0, sorry for the inconvenience. 😰 )
2019-06-15T01:58:40.096Z - warn: Please change the definition of property 'jumpAudio' in class 'Player'. Starting from v1.10,
properties in CCClass can not be abbreviated if they are of type RawAsset.
Please use the complete form.
For example, if the type is Texture2D, the previous definition is:
    jumpAudio: cc.Texture2D,
If you use JS, it should be changed to:
    jumpAudio: {
      type: cc.Texture2D // use 'type:' to define Texture2D object directly
      default: null,     // object's default value is null
    },
If you use TS, it should be changed to:
    %s: {
      type: cc.Texture2D // use 'type:' to define Texture2D object directly
    }
    %s: cc.Texture2D = null;
(This helps us to successfully refactor all RawAssets at v2.0, sorry for the inconvenience. 😰 )
2019-06-15T02:12:42.351Z - warn: Please change the definition of property 'scoreAudio' in class 'Game'. Starting from v1.10,
properties in CCClass can not be abbreviated if they are of type RawAsset.
Please use the complete form.
For example, if the type is Texture2D, the previous definition is:
    scoreAudio: cc.Texture2D,
If you use JS, it should be changed to:
    scoreAudio: {
      type: cc.Texture2D // use 'type:' to define Texture2D object directly
      default: null,     // object's default value is null
    },
If you use TS, it should be changed to:
    %s: {
      type: cc.Texture2D // use 'type:' to define Texture2D object directly
    }
    %s: cc.Texture2D = null;
(This helps us to successfully refactor all RawAssets at v2.0, sorry for the inconvenience. 😰 )
2019-06-15T02:12:42.352Z - warn: Please change the definition of property 'jumpAudio' in class 'Player'. Starting from v1.10,
properties in CCClass can not be abbreviated if they are of type RawAsset.
Please use the complete form.
For example, if the type is Texture2D, the previous definition is:
    jumpAudio: cc.Texture2D,
If you use JS, it should be changed to:
    jumpAudio: {
      type: cc.Texture2D // use 'type:' to define Texture2D object directly
      default: null,     // object's default value is null
    },
If you use TS, it should be changed to:
    %s: {
      type: cc.Texture2D // use 'type:' to define Texture2D object directly
    }
    %s: cc.Texture2D = null;
(This helps us to successfully refactor all RawAssets at v2.0, sorry for the inconvenience. 😰 )
2019-06-15T02:58:46.571Z - warn: Please change the definition of property 'scoreAudio' in class 'Game'. Starting from v1.10,
properties in CCClass can not be abbreviated if they are of type RawAsset.
Please use the complete form.
For example, if the type is Texture2D, the previous definition is:
    scoreAudio: cc.Texture2D,
If you use JS, it should be changed to:
    scoreAudio: {
      type: cc.Texture2D // use 'type:' to define Texture2D object directly
      default: null,     // object's default value is null
    },
If you use TS, it should be changed to:
    %s: {
      type: cc.Texture2D // use 'type:' to define Texture2D object directly
    }
    %s: cc.Texture2D = null;
(This helps us to successfully refactor all RawAssets at v2.0, sorry for the inconvenience. 😰 )
2019-06-15T02:58:46.574Z - warn: Please change the definition of property 'jumpAudio' in class 'Player'. Starting from v1.10,
properties in CCClass can not be abbreviated if they are of type RawAsset.
Please use the complete form.
For example, if the type is Texture2D, the previous definition is:
    jumpAudio: cc.Texture2D,
If you use JS, it should be changed to:
    jumpAudio: {
      type: cc.Texture2D // use 'type:' to define Texture2D object directly
      default: null,     // object's default value is null
    },
If you use TS, it should be changed to:
    %s: {
      type: cc.Texture2D // use 'type:' to define Texture2D object directly
    }
    %s: cc.Texture2D = null;
(This helps us to successfully refactor all RawAssets at v2.0, sorry for the inconvenience. 😰 )
2019-06-15T02:59:09.492Z - warn: Please change the definition of property 'scoreAudio' in class 'Game'. Starting from v1.10,
properties in CCClass can not be abbreviated if they are of type RawAsset.
Please use the complete form.
For example, if the type is Texture2D, the previous definition is:
    scoreAudio: cc.Texture2D,
If you use JS, it should be changed to:
    scoreAudio: {
      type: cc.Texture2D // use 'type:' to define Texture2D object directly
      default: null,     // object's default value is null
    },
If you use TS, it should be changed to:
    %s: {
      type: cc.Texture2D // use 'type:' to define Texture2D object directly
    }
    %s: cc.Texture2D = null;
(This helps us to successfully refactor all RawAssets at v2.0, sorry for the inconvenience. 😰 )
2019-06-15T02:59:09.493Z - warn: Please change the definition of property 'jumpAudio' in class 'Player'. Starting from v1.10,
properties in CCClass can not be abbreviated if they are of type RawAsset.
Please use the complete form.
For example, if the type is Texture2D, the previous definition is:
    jumpAudio: cc.Texture2D,
If you use JS, it should be changed to:
    jumpAudio: {
      type: cc.Texture2D // use 'type:' to define Texture2D object directly
      default: null,     // object's default value is null
    },
If you use TS, it should be changed to:
    %s: {
      type: cc.Texture2D // use 'type:' to define Texture2D object directly
    }
    %s: cc.Texture2D = null;
(This helps us to successfully refactor all RawAssets at v2.0, sorry for the inconvenience. 😰 )
2019-06-15T03:16:21.102Z - warn: Please change the definition of property 'scoreAudio' in class 'Game'. Starting from v1.10,
properties in CCClass can not be abbreviated if they are of type RawAsset.
Please use the complete form.
For example, if the type is Texture2D, the previous definition is:
    scoreAudio: cc.Texture2D,
If you use JS, it should be changed to:
    scoreAudio: {
      type: cc.Texture2D // use 'type:' to define Texture2D object directly
      default: null,     // object's default value is null
    },
If you use TS, it should be changed to:
    %s: {
      type: cc.Texture2D // use 'type:' to define Texture2D object directly
    }
    %s: cc.Texture2D = null;
(This helps us to successfully refactor all RawAssets at v2.0, sorry for the inconvenience. 😰 )
2019-06-15T03:16:21.106Z - warn: Please change the definition of property 'jumpAudio' in class 'Player'. Starting from v1.10,
properties in CCClass can not be abbreviated if they are of type RawAsset.
Please use the complete form.
For example, if the type is Texture2D, the previous definition is:
    jumpAudio: cc.Texture2D,
If you use JS, it should be changed to:
    jumpAudio: {
      type: cc.Texture2D // use 'type:' to define Texture2D object directly
      default: null,     // object's default value is null
    },
If you use TS, it should be changed to:
    %s: {
      type: cc.Texture2D // use 'type:' to define Texture2D object directly
    }
    %s: cc.Texture2D = null;
(This helps us to successfully refactor all RawAssets at v2.0, sorry for the inconvenience. 😰 )
2019-06-15T03:29:06.733Z - warn: Please change the definition of property 'jumpAudio' in class 'Player'. Starting from v1.10,
properties in CCClass can not be abbreviated if they are of type RawAsset.
Please use the complete form.
For example, if the type is Texture2D, the previous definition is:
    jumpAudio: cc.Texture2D,
If you use JS, it should be changed to:
    jumpAudio: {
      type: cc.Texture2D // use 'type:' to define Texture2D object directly
      default: null,     // object's default value is null
    },
If you use TS, it should be changed to:
    %s: {
      type: cc.Texture2D // use 'type:' to define Texture2D object directly
    }
    %s: cc.Texture2D = null;
(This helps us to successfully refactor all RawAssets at v2.0, sorry for the inconvenience. 😰 )
2019-06-15T03:29:06.735Z - warn: Please change the definition of property 'scoreAudio' in class 'Game'. Starting from v1.10,
properties in CCClass can not be abbreviated if they are of type RawAsset.
Please use the complete form.
For example, if the type is Texture2D, the previous definition is:
    scoreAudio: cc.Texture2D,
If you use JS, it should be changed to:
    scoreAudio: {
      type: cc.Texture2D // use 'type:' to define Texture2D object directly
      default: null,     // object's default value is null
    },
If you use TS, it should be changed to:
    %s: {
      type: cc.Texture2D // use 'type:' to define Texture2D object directly
    }
    %s: cc.Texture2D = null;
(This helps us to successfully refactor all RawAssets at v2.0, sorry for the inconvenience. 😰 )
2019-06-15T03:41:40.698Z - warn: Please change the definition of property 'jumpAudio' in class 'Player'. Starting from v1.10,
properties in CCClass can not be abbreviated if they are of type RawAsset.
Please use the complete form.
For example, if the type is Texture2D, the previous definition is:
    jumpAudio: cc.Texture2D,
If you use JS, it should be changed to:
    jumpAudio: {
      type: cc.Texture2D // use 'type:' to define Texture2D object directly
      default: null,     // object's default value is null
    },
If you use TS, it should be changed to:
    %s: {
      type: cc.Texture2D // use 'type:' to define Texture2D object directly
    }
    %s: cc.Texture2D = null;
(This helps us to successfully refactor all RawAssets at v2.0, sorry for the inconvenience. 😰 )
2019-06-15T03:41:40.700Z - warn: Please change the definition of property 'scoreAudio' in class 'Game'. Starting from v1.10,
properties in CCClass can not be abbreviated if they are of type RawAsset.
Please use the complete form.
For example, if the type is Texture2D, the previous definition is:
    scoreAudio: cc.Texture2D,
If you use JS, it should be changed to:
    scoreAudio: {
      type: cc.Texture2D // use 'type:' to define Texture2D object directly
      default: null,     // object's default value is null
    },
If you use TS, it should be changed to:
    %s: {
      type: cc.Texture2D // use 'type:' to define Texture2D object directly
    }
    %s: cc.Texture2D = null;
(This helps us to successfully refactor all RawAssets at v2.0, sorry for the inconvenience. 😰 )
2019-06-15T03:44:47.312Z - warn: Please change the definition of property 'scoreAudio' in class 'Game'. Starting from v1.10,
properties in CCClass can not be abbreviated if they are of type RawAsset.
Please use the complete form.
For example, if the type is Texture2D, the previous definition is:
    scoreAudio: cc.Texture2D,
If you use JS, it should be changed to:
    scoreAudio: {
      type: cc.Texture2D // use 'type:' to define Texture2D object directly
      default: null,     // object's default value is null
    },
If you use TS, it should be changed to:
    %s: {
      type: cc.Texture2D // use 'type:' to define Texture2D object directly
    }
    %s: cc.Texture2D = null;
(This helps us to successfully refactor all RawAssets at v2.0, sorry for the inconvenience. 😰 )
2019-06-15T03:44:47.313Z - warn: Please change the definition of property 'jumpAudio' in class 'Player'. Starting from v1.10,
properties in CCClass can not be abbreviated if they are of type RawAsset.
Please use the complete form.
For example, if the type is Texture2D, the previous definition is:
    jumpAudio: cc.Texture2D,
If you use JS, it should be changed to:
    jumpAudio: {
      type: cc.Texture2D // use 'type:' to define Texture2D object directly
      default: null,     // object's default value is null
    },
If you use TS, it should be changed to:
    %s: {
      type: cc.Texture2D // use 'type:' to define Texture2D object directly
    }
    %s: cc.Texture2D = null;
(This helps us to successfully refactor all RawAssets at v2.0, sorry for the inconvenience. 😰 )
2019-06-15T03:59:26.863Z - warn: Please change the definition of property 'scoreAudio' in class 'Game'. Starting from v1.10,
properties in CCClass can not be abbreviated if they are of type RawAsset.
Please use the complete form.
For example, if the type is Texture2D, the previous definition is:
    scoreAudio: cc.Texture2D,
If you use JS, it should be changed to:
    scoreAudio: {
      type: cc.Texture2D // use 'type:' to define Texture2D object directly
      default: null,     // object's default value is null
    },
If you use TS, it should be changed to:
    %s: {
      type: cc.Texture2D // use 'type:' to define Texture2D object directly
    }
    %s: cc.Texture2D = null;
(This helps us to successfully refactor all RawAssets at v2.0, sorry for the inconvenience. 😰 )
2019-06-15T03:59:26.865Z - warn: Please change the definition of property 'jumpAudio' in class 'Player'. Starting from v1.10,
properties in CCClass can not be abbreviated if they are of type RawAsset.
Please use the complete form.
For example, if the type is Texture2D, the previous definition is:
    jumpAudio: cc.Texture2D,
If you use JS, it should be changed to:
    jumpAudio: {
      type: cc.Texture2D // use 'type:' to define Texture2D object directly
      default: null,     // object's default value is null
    },
If you use TS, it should be changed to:
    %s: {
      type: cc.Texture2D // use 'type:' to define Texture2D object directly
    }
    %s: cc.Texture2D = null;
(This helps us to successfully refactor all RawAssets at v2.0, sorry for the inconvenience. 😰 )
2019-06-15T05:13:04.283Z - warn: Please change the definition of property 'scoreAudio' in class 'Game'. Starting from v1.10,
properties in CCClass can not be abbreviated if they are of type RawAsset.
Please use the complete form.
For example, if the type is Texture2D, the previous definition is:
    scoreAudio: cc.Texture2D,
If you use JS, it should be changed to:
    scoreAudio: {
      type: cc.Texture2D // use 'type:' to define Texture2D object directly
      default: null,     // object's default value is null
    },
If you use TS, it should be changed to:
    %s: {
      type: cc.Texture2D // use 'type:' to define Texture2D object directly
    }
    %s: cc.Texture2D = null;
(This helps us to successfully refactor all RawAssets at v2.0, sorry for the inconvenience. 😰 )
2019-06-15T05:13:04.285Z - warn: Please change the definition of property 'jumpAudio' in class 'Player'. Starting from v1.10,
properties in CCClass can not be abbreviated if they are of type RawAsset.
Please use the complete form.
For example, if the type is Texture2D, the previous definition is:
    jumpAudio: cc.Texture2D,
If you use JS, it should be changed to:
    jumpAudio: {
      type: cc.Texture2D // use 'type:' to define Texture2D object directly
      default: null,     // object's default value is null
    },
If you use TS, it should be changed to:
    %s: {
      type: cc.Texture2D // use 'type:' to define Texture2D object directly
    }
    %s: cc.Texture2D = null;
(This helps us to successfully refactor all RawAssets at v2.0, sorry for the inconvenience. 😰 )
2019-06-15T05:15:43.534Z - warn: Please change the definition of property 'scoreAudio' in class 'Game'. Starting from v1.10,
properties in CCClass can not be abbreviated if they are of type RawAsset.
Please use the complete form.
For example, if the type is Texture2D, the previous definition is:
    scoreAudio: cc.Texture2D,
If you use JS, it should be changed to:
    scoreAudio: {
      type: cc.Texture2D // use 'type:' to define Texture2D object directly
      default: null,     // object's default value is null
    },
If you use TS, it should be changed to:
    %s: {
      type: cc.Texture2D // use 'type:' to define Texture2D object directly
    }
    %s: cc.Texture2D = null;
(This helps us to successfully refactor all RawAssets at v2.0, sorry for the inconvenience. 😰 )
2019-06-15T05:15:43.535Z - warn: Please change the definition of property 'jumpAudio' in class 'Player'. Starting from v1.10,
properties in CCClass can not be abbreviated if they are of type RawAsset.
Please use the complete form.
For example, if the type is Texture2D, the previous definition is:
    jumpAudio: cc.Texture2D,
If you use JS, it should be changed to:
    jumpAudio: {
      type: cc.Texture2D // use 'type:' to define Texture2D object directly
      default: null,     // object's default value is null
    },
If you use TS, it should be changed to:
    %s: {
      type: cc.Texture2D // use 'type:' to define Texture2D object directly
    }
    %s: cc.Texture2D = null;
(This helps us to successfully refactor all RawAssets at v2.0, sorry for the inconvenience. 😰 )
2019-06-15T05:16:39.410Z - warn: Please change the definition of property 'scoreAudio' in class 'Game'. Starting from v1.10,
properties in CCClass can not be abbreviated if they are of type RawAsset.
Please use the complete form.
For example, if the type is Texture2D, the previous definition is:
    scoreAudio: cc.Texture2D,
If you use JS, it should be changed to:
    scoreAudio: {
      type: cc.Texture2D // use 'type:' to define Texture2D object directly
      default: null,     // object's default value is null
    },
If you use TS, it should be changed to:
    %s: {
      type: cc.Texture2D // use 'type:' to define Texture2D object directly
    }
    %s: cc.Texture2D = null;
(This helps us to successfully refactor all RawAssets at v2.0, sorry for the inconvenience. 😰 )
2019-06-15T05:16:39.413Z - warn: Please change the definition of property 'jumpAudio' in class 'Player'. Starting from v1.10,
properties in CCClass can not be abbreviated if they are of type RawAsset.
Please use the complete form.
For example, if the type is Texture2D, the previous definition is:
    jumpAudio: cc.Texture2D,
If you use JS, it should be changed to:
    jumpAudio: {
      type: cc.Texture2D // use 'type:' to define Texture2D object directly
      default: null,     // object's default value is null
    },
If you use TS, it should be changed to:
    %s: {
      type: cc.Texture2D // use 'type:' to define Texture2D object directly
    }
    %s: cc.Texture2D = null;
(This helps us to successfully refactor all RawAssets at v2.0, sorry for the inconvenience. 😰 )
2019-06-15T05:17:22.754Z - warn: Please change the definition of property 'scoreAudio' in class 'Game'. Starting from v1.10,
properties in CCClass can not be abbreviated if they are of type RawAsset.
Please use the complete form.
For example, if the type is Texture2D, the previous definition is:
    scoreAudio: cc.Texture2D,
If you use JS, it should be changed to:
    scoreAudio: {
      type: cc.Texture2D // use 'type:' to define Texture2D object directly
      default: null,     // object's default value is null
    },
If you use TS, it should be changed to:
    %s: {
      type: cc.Texture2D // use 'type:' to define Texture2D object directly
    }
    %s: cc.Texture2D = null;
(This helps us to successfully refactor all RawAssets at v2.0, sorry for the inconvenience. 😰 )
2019-06-15T05:17:22.760Z - warn: Please change the definition of property 'jumpAudio' in class 'Player'. Starting from v1.10,
properties in CCClass can not be abbreviated if they are of type RawAsset.
Please use the complete form.
For example, if the type is Texture2D, the previous definition is:
    jumpAudio: cc.Texture2D,
If you use JS, it should be changed to:
    jumpAudio: {
      type: cc.Texture2D // use 'type:' to define Texture2D object directly
      default: null,     // object's default value is null
    },
If you use TS, it should be changed to:
    %s: {
      type: cc.Texture2D // use 'type:' to define Texture2D object directly
    }
    %s: cc.Texture2D = null;
(This helps us to successfully refactor all RawAssets at v2.0, sorry for the inconvenience. 😰 )
2019-06-15T05:24:45.364Z - warn: Please change the definition of property 'scoreAudio' in class 'Game'. Starting from v1.10,
properties in CCClass can not be abbreviated if they are of type RawAsset.
Please use the complete form.
For example, if the type is Texture2D, the previous definition is:
    scoreAudio: cc.Texture2D,
If you use JS, it should be changed to:
    scoreAudio: {
      type: cc.Texture2D // use 'type:' to define Texture2D object directly
      default: null,     // object's default value is null
    },
If you use TS, it should be changed to:
    %s: {
      type: cc.Texture2D // use 'type:' to define Texture2D object directly
    }
    %s: cc.Texture2D = null;
(This helps us to successfully refactor all RawAssets at v2.0, sorry for the inconvenience. 😰 )
2019-06-15T05:24:45.366Z - warn: Please change the definition of property 'jumpAudio' in class 'Player'. Starting from v1.10,
properties in CCClass can not be abbreviated if they are of type RawAsset.
Please use the complete form.
For example, if the type is Texture2D, the previous definition is:
    jumpAudio: cc.Texture2D,
If you use JS, it should be changed to:
    jumpAudio: {
      type: cc.Texture2D // use 'type:' to define Texture2D object directly
      default: null,     // object's default value is null
    },
If you use TS, it should be changed to:
    %s: {
      type: cc.Texture2D // use 'type:' to define Texture2D object directly
    }
    %s: cc.Texture2D = null;
(This helps us to successfully refactor all RawAssets at v2.0, sorry for the inconvenience. 😰 )
2019-06-15T05:25:37.915Z - warn: Please change the definition of property 'scoreAudio' in class 'Game'. Starting from v1.10,
properties in CCClass can not be abbreviated if they are of type RawAsset.
Please use the complete form.
For example, if the type is Texture2D, the previous definition is:
    scoreAudio: cc.Texture2D,
If you use JS, it should be changed to:
    scoreAudio: {
      type: cc.Texture2D // use 'type:' to define Texture2D object directly
      default: null,     // object's default value is null
    },
If you use TS, it should be changed to:
    %s: {
      type: cc.Texture2D // use 'type:' to define Texture2D object directly
    }
    %s: cc.Texture2D = null;
(This helps us to successfully refactor all RawAssets at v2.0, sorry for the inconvenience. 😰 )
2019-06-15T05:25:37.917Z - warn: Please change the definition of property 'jumpAudio' in class 'Player'. Starting from v1.10,
properties in CCClass can not be abbreviated if they are of type RawAsset.
Please use the complete form.
For example, if the type is Texture2D, the previous definition is:
    jumpAudio: cc.Texture2D,
If you use JS, it should be changed to:
    jumpAudio: {
      type: cc.Texture2D // use 'type:' to define Texture2D object directly
      default: null,     // object's default value is null
    },
If you use TS, it should be changed to:
    %s: {
      type: cc.Texture2D // use 'type:' to define Texture2D object directly
    }
    %s: cc.Texture2D = null;
(This helps us to successfully refactor all RawAssets at v2.0, sorry for the inconvenience. 😰 )
2019-06-15T06:20:10.523Z - warn: Please change the definition of property 'scoreAudio' in class 'Game'. Starting from v1.10,
properties in CCClass can not be abbreviated if they are of type RawAsset.
Please use the complete form.
For example, if the type is Texture2D, the previous definition is:
    scoreAudio: cc.Texture2D,
If you use JS, it should be changed to:
    scoreAudio: {
      type: cc.Texture2D // use 'type:' to define Texture2D object directly
      default: null,     // object's default value is null
    },
If you use TS, it should be changed to:
    %s: {
      type: cc.Texture2D // use 'type:' to define Texture2D object directly
    }
    %s: cc.Texture2D = null;
(This helps us to successfully refactor all RawAssets at v2.0, sorry for the inconvenience. 😰 )
2019-06-15T06:20:10.525Z - warn: Please change the definition of property 'jumpAudio' in class 'Player'. Starting from v1.10,
properties in CCClass can not be abbreviated if they are of type RawAsset.
Please use the complete form.
For example, if the type is Texture2D, the previous definition is:
    jumpAudio: cc.Texture2D,
If you use JS, it should be changed to:
    jumpAudio: {
      type: cc.Texture2D // use 'type:' to define Texture2D object directly
      default: null,     // object's default value is null
    },
If you use TS, it should be changed to:
    %s: {
      type: cc.Texture2D // use 'type:' to define Texture2D object directly
    }
    %s: cc.Texture2D = null;
(This helps us to successfully refactor all RawAssets at v2.0, sorry for the inconvenience. 😰 )
2019-06-15T06:21:25.681Z - warn: Please change the definition of property 'scoreAudio' in class 'Game'. Starting from v1.10,
properties in CCClass can not be abbreviated if they are of type RawAsset.
Please use the complete form.
For example, if the type is Texture2D, the previous definition is:
    scoreAudio: cc.Texture2D,
If you use JS, it should be changed to:
    scoreAudio: {
      type: cc.Texture2D // use 'type:' to define Texture2D object directly
      default: null,     // object's default value is null
    },
If you use TS, it should be changed to:
    %s: {
      type: cc.Texture2D // use 'type:' to define Texture2D object directly
    }
    %s: cc.Texture2D = null;
(This helps us to successfully refactor all RawAssets at v2.0, sorry for the inconvenience. 😰 )
2019-06-15T06:21:25.682Z - warn: Please change the definition of property 'jumpAudio' in class 'Player'. Starting from v1.10,
properties in CCClass can not be abbreviated if they are of type RawAsset.
Please use the complete form.
For example, if the type is Texture2D, the previous definition is:
    jumpAudio: cc.Texture2D,
If you use JS, it should be changed to:
    jumpAudio: {
      type: cc.Texture2D // use 'type:' to define Texture2D object directly
      default: null,     // object's default value is null
    },
If you use TS, it should be changed to:
    %s: {
      type: cc.Texture2D // use 'type:' to define Texture2D object directly
    }
    %s: cc.Texture2D = null;
(This helps us to successfully refactor all RawAssets at v2.0, sorry for the inconvenience. 😰 )
2019-06-15T06:23:07.042Z - warn: Please change the definition of property 'scoreAudio' in class 'Game'. Starting from v1.10,
properties in CCClass can not be abbreviated if they are of type RawAsset.
Please use the complete form.
For example, if the type is Texture2D, the previous definition is:
    scoreAudio: cc.Texture2D,
If you use JS, it should be changed to:
    scoreAudio: {
      type: cc.Texture2D // use 'type:' to define Texture2D object directly
      default: null,     // object's default value is null
    },
If you use TS, it should be changed to:
    %s: {
      type: cc.Texture2D // use 'type:' to define Texture2D object directly
    }
    %s: cc.Texture2D = null;
(This helps us to successfully refactor all RawAssets at v2.0, sorry for the inconvenience. 😰 )
2019-06-15T06:23:07.045Z - warn: Please change the definition of property 'jumpAudio' in class 'Player'. Starting from v1.10,
properties in CCClass can not be abbreviated if they are of type RawAsset.
Please use the complete form.
For example, if the type is Texture2D, the previous definition is:
    jumpAudio: cc.Texture2D,
If you use JS, it should be changed to:
    jumpAudio: {
      type: cc.Texture2D // use 'type:' to define Texture2D object directly
      default: null,     // object's default value is null
    },
If you use TS, it should be changed to:
    %s: {
      type: cc.Texture2D // use 'type:' to define Texture2D object directly
    }
    %s: cc.Texture2D = null;
(This helps us to successfully refactor all RawAssets at v2.0, sorry for the inconvenience. 😰 )
2019-06-15T06:23:56.508Z - warn: Please change the definition of property 'scoreAudio' in class 'Game'. Starting from v1.10,
properties in CCClass can not be abbreviated if they are of type RawAsset.
Please use the complete form.
For example, if the type is Texture2D, the previous definition is:
    scoreAudio: cc.Texture2D,
If you use JS, it should be changed to:
    scoreAudio: {
      type: cc.Texture2D // use 'type:' to define Texture2D object directly
      default: null,     // object's default value is null
    },
If you use TS, it should be changed to:
    %s: {
      type: cc.Texture2D // use 'type:' to define Texture2D object directly
    }
    %s: cc.Texture2D = null;
(This helps us to successfully refactor all RawAssets at v2.0, sorry for the inconvenience. 😰 )
2019-06-15T06:23:56.510Z - warn: Please change the definition of property 'jumpAudio' in class 'Player'. Starting from v1.10,
properties in CCClass can not be abbreviated if they are of type RawAsset.
Please use the complete form.
For example, if the type is Texture2D, the previous definition is:
    jumpAudio: cc.Texture2D,
If you use JS, it should be changed to:
    jumpAudio: {
      type: cc.Texture2D // use 'type:' to define Texture2D object directly
      default: null,     // object's default value is null
    },
If you use TS, it should be changed to:
    %s: {
      type: cc.Texture2D // use 'type:' to define Texture2D object directly
    }
    %s: cc.Texture2D = null;
(This helps us to successfully refactor all RawAssets at v2.0, sorry for the inconvenience. 😰 )
